<?xml version="1.0" encoding="UTF-8"?>
<!-- Generated by org.testng.reporters.JUnitXMLReporter -->
<testsuite hostname="58-s07" ignored="0" name="Default test" tests="2" failures="0" timestamp="18 Mar 2021 11:43:50 GMT" time="1.128" errors="0">
  <testcase name="@BeforeMethod preConditionMainApp" time="1.029" classname="com.applect.meritnation.generic.BaseLib">
    <failure type="org.openqa.selenium.WebDriverException" message="Connection refused (Connection refused)
Build info: version: &amp;apos;3.141.59&amp;apos;, revision: &amp;apos;e82be7d358&amp;apos;, time: &amp;apos;2018-11-14T08:25:48&amp;apos;
System info: host: &amp;apos;58-s07&amp;apos;, ip: &amp;apos;127.0.1.1&amp;apos;, os.name: &amp;apos;Linux&amp;apos;, os.arch: &amp;apos;amd64&amp;apos;, os.version: &amp;apos;4.4.0-148-generic&amp;apos;, java.version: &amp;apos;1.8.0_201&amp;apos;
Driver info: driver.version: AndroidDriver">
      <![CDATA[org.openqa.selenium.WebDriverException: Connection refused (Connection refused)Build info: version: '3.141.59', revision: 'e82be7d358', time: '2018-11-14T08:25:48'System info: host: '58-s07', ip: '127.0.1.1', os.name: 'Linux', os.arch: 'amd64', os.version: '4.4.0-148-generic', java.version: '1.8.0_201'Driver info: driver.version: AndroidDriverat io.appium.java_client.remote.AppiumCommandExecutor.lambda$5(AppiumCommandExecutor.java:251)at java.util.Optional.orElseGet(Optional.java:267)at io.appium.java_client.remote.AppiumCommandExecutor.execute(AppiumCommandExecutor.java:250)at org.openqa.selenium.remote.RemoteWebDriver.execute(RemoteWebDriver.java:552)at io.appium.java_client.DefaultGenericMobileDriver.execute(DefaultGenericMobileDriver.java:42)at io.appium.java_client.AppiumDriver.execute(AppiumDriver.java:1)at io.appium.java_client.android.AndroidDriver.execute(AndroidDriver.java:1)at org.openqa.selenium.remote.RemoteWebDriver.startSession(RemoteWebDriver.java:213)at org.openqa.selenium.remote.RemoteWebDriver.<init>(RemoteWebDriver.java:131)at io.appium.java_client.DefaultGenericMobileDriver.<init>(DefaultGenericMobileDriver.java:38)at io.appium.java_client.AppiumDriver.<init>(AppiumDriver.java:84)at io.appium.java_client.AppiumDriver.<init>(AppiumDriver.java:94)at io.appium.java_client.android.AndroidDriver.<init>(AndroidDriver.java:95)at com.applect.meritnation.generic.BaseLib.preConditionMainApp(BaseLib.java:457)at sun.reflect.NativeMethodAccessorImpl.invoke0(Native Method)at sun.reflect.NativeMethodAccessorImpl.invoke(NativeMethodAccessorImpl.java:62)at sun.reflect.DelegatingMethodAccessorImpl.invoke(DelegatingMethodAccessorImpl.java:43)at java.lang.reflect.Method.invoke(Method.java:498)at org.testng.internal.MethodInvocationHelper.invokeMethod(MethodInvocationHelper.java:124)at org.testng.internal.MethodInvocationHelper.invokeMethodConsideringTimeout(MethodInvocationHelper.java:59)at org.testng.internal.Invoker.invokeConfigurationMethod(Invoker.java:451)at org.testng.internal.Invoker.invokeConfigurations(Invoker.java:222)at org.testng.internal.Invoker.invokeMethod(Invoker.java:516)at org.testng.internal.Invoker.invokeTestMethod(Invoker.java:707)at org.testng.internal.Invoker.invokeTestMethods(Invoker.java:979)at org.testng.internal.TestMethodWorker.invokeTestMethods(TestMethodWorker.java:125)at org.testng.internal.TestMethodWorker.run(TestMethodWorker.java:109)at org.testng.TestRunner.privateRun(TestRunner.java:648)at org.testng.TestRunner.run(TestRunner.java:505)at org.testng.SuiteRunner.runTest(SuiteRunner.java:455)at org.testng.SuiteRunner.runSequentially(SuiteRunner.java:450)at org.testng.SuiteRunner.privateRun(SuiteRunner.java:415)at org.testng.SuiteRunner.run(SuiteRunner.java:364)at org.testng.SuiteRunnerWorker.runSuite(SuiteRunnerWorker.java:52)at org.testng.SuiteRunnerWorker.run(SuiteRunnerWorker.java:84)at org.testng.TestNG.runSuitesSequentially(TestNG.java:1187)at org.testng.TestNG.runSuitesLocally(TestNG.java:1116)at org.testng.TestNG.runSuites(TestNG.java:1028)at org.testng.TestNG.run(TestNG.java:996)at org.testng.remote.AbstractRemoteTestNG.run(AbstractRemoteTestNG.java:115)at org.testng.remote.RemoteTestNG.initAndRun(RemoteTestNG.java:251)at org.testng.remote.RemoteTestNG.main(RemoteTestNG.java:77)Caused by: java.net.ConnectException: Connection refused (Connection refused)at java.net.PlainSocketImpl.socketConnect(Native Method)at java.net.AbstractPlainSocketImpl.doConnect(AbstractPlainSocketImpl.java:350)at java.net.AbstractPlainSocketImpl.connectToAddress(AbstractPlainSocketImpl.java:206)at java.net.AbstractPlainSocketImpl.connect(AbstractPlainSocketImpl.java:188)at java.net.SocksSocketImpl.connect(SocksSocketImpl.java:392)at java.net.Socket.connect(Socket.java:589)at okhttp3.internal.platform.Platform.connectSocket(Platform.java:129)at okhttp3.internal.connection.RealConnection.connectSocket(RealConnection.java:245)at okhttp3.internal.connection.RealConnection.connect(RealConnection.java:165)at okhttp3.internal.connection.StreamAllocation.findConnection(StreamAllocation.java:257)at okhttp3.internal.connection.StreamAllocation.findHealthyConnection(StreamAllocation.java:135)at okhttp3.internal.connection.StreamAllocation.newStream(StreamAllocation.java:114)at okhttp3.internal.connection.ConnectInterceptor.intercept(ConnectInterceptor.java:42)at okhttp3.internal.http.RealInterceptorChain.proceed(RealInterceptorChain.java:147)at okhttp3.internal.http.RealInterceptorChain.proceed(RealInterceptorChain.java:121)at okhttp3.internal.cache.CacheInterceptor.intercept(CacheInterceptor.java:93)at okhttp3.internal.http.RealInterceptorChain.proceed(RealInterceptorChain.java:147)at okhttp3.internal.http.RealInterceptorChain.proceed(RealInterceptorChain.java:121)at okhttp3.internal.http.BridgeInterceptor.intercept(BridgeInterceptor.java:93)at okhttp3.internal.http.RealInterceptorChain.proceed(RealInterceptorChain.java:147)at okhttp3.internal.http.RetryAndFollowUpInterceptor.intercept(RetryAndFollowUpInterceptor.java:126)at okhttp3.internal.http.RealInterceptorChain.proceed(RealInterceptorChain.java:147)at okhttp3.internal.http.RealInterceptorChain.proceed(RealInterceptorChain.java:121)at okhttp3.RealCall.getResponseWithInterceptorChain(RealCall.java:200)at okhttp3.RealCall.execute(RealCall.java:77)at org.openqa.selenium.remote.internal.OkHttpClient.execute(OkHttpClient.java:103)at org.openqa.selenium.remote.ProtocolHandshake.createSession(ProtocolHandshake.java:105)at sun.reflect.NativeMethodAccessorImpl.invoke0(Native Method)at sun.reflect.NativeMethodAccessorImpl.invoke(NativeMethodAccessorImpl.java:62)at sun.reflect.DelegatingMethodAccessorImpl.invoke(DelegatingMethodAccessorImpl.java:43)at java.lang.reflect.Method.invoke(Method.java:498)at io.appium.java_client.remote.AppiumCommandExecutor$1.createSession(AppiumCommandExecutor.java:186)at io.appium.java_client.remote.AppiumCommandExecutor.createSession(AppiumCommandExecutor.java:217)at io.appium.java_client.remote.AppiumCommandExecutor.execute(AppiumCommandExecutor.java:239)... 39 more]]>
    </failure>
  </testcase> <!-- @BeforeMethod preConditionMainApp -->
  <testcase name="@BeforeMethod preConditionWeb" time="0.0" classname="com.applect.meritnation.generic.BaseLib">
    <skipped/>
  </testcase> <!-- @BeforeMethod preConditionWeb -->
  <testcase name="@BeforeMethod preOpenVidu" time="0.0" classname="com.applect.meritnation.generic.BaseLib">
    <skipped/>
  </testcase> <!-- @BeforeMethod preOpenVidu -->
  <testcase name="@BeforeMethod precondition" time="0.0" classname="com.applect.meritnation.generic.BaseLib">
    <skipped/>
  </testcase> <!-- @BeforeMethod precondition -->
  <testcase name="@BeforeMethod preconditionapi" time="0.0" classname="com.applect.meritnation.generic.BaseLib">
    <skipped/>
  </testcase> <!-- @BeforeMethod preconditionapi -->
  <testcase name="@BeforeMethod preconditionforCRM" time="0.0" classname="com.applect.meritnation.generic.BaseLib">
    <skipped/>
  </testcase> <!-- @BeforeMethod preconditionforCRM -->
  <testcase name="@AfterMethod postCondition" time="0.0" classname="com.applect.meritnation.generic.BaseLib">
    <skipped/>
  </testcase> <!-- @AfterMethod postCondition -->
  <testcase name="@AfterMethod postCondition" time="0.0" classname="com.applect.meritnation.generic.BaseLib">
    <skipped/>
  </testcase> <!-- @AfterMethod postCondition -->
  <testcase name="@AfterMethod postConditionCurrentTask" time="0.0" classname="com.applect.meritnation.generic.BaseLib">
    <skipped/>
  </testcase> <!-- @AfterMethod postConditionCurrentTask -->
  <testcase name="@AfterMethod postConditionMobile" time="0.0" classname="com.applect.meritnation.generic.BaseLib">
    <skipped/>
  </testcase> <!-- @AfterMethod postConditionMobile -->
  <testcase name="@BeforeMethod preConditionMainApp" time="0.0" classname="com.applect.meritnation.generic.BaseLib">
    <skipped/>
  </testcase> <!-- @BeforeMethod preConditionMainApp -->
  <testcase name="@BeforeMethod preConditionWeb" time="0.0" classname="com.applect.meritnation.generic.BaseLib">
    <skipped/>
  </testcase> <!-- @BeforeMethod preConditionWeb -->
  <testcase name="@BeforeMethod preOpenVidu" time="0.0" classname="com.applect.meritnation.generic.BaseLib">
    <skipped/>
  </testcase> <!-- @BeforeMethod preOpenVidu -->
  <testcase name="@BeforeMethod precondition" time="0.0" classname="com.applect.meritnation.generic.BaseLib">
    <skipped/>
  </testcase> <!-- @BeforeMethod precondition -->
  <testcase name="@BeforeMethod preconditionapi" time="0.0" classname="com.applect.meritnation.generic.BaseLib">
    <skipped/>
  </testcase> <!-- @BeforeMethod preconditionapi -->
  <testcase name="@BeforeMethod preconditionforCRM" time="0.0" classname="com.applect.meritnation.generic.BaseLib">
    <skipped/>
  </testcase> <!-- @BeforeMethod preconditionforCRM -->
  <testcase name="@AfterMethod postCondition" time="0.0" classname="com.applect.meritnation.generic.BaseLib">
    <skipped/>
  </testcase> <!-- @AfterMethod postCondition -->
  <testcase name="@AfterMethod postCondition" time="0.0" classname="com.applect.meritnation.generic.BaseLib">
    <skipped/>
  </testcase> <!-- @AfterMethod postCondition -->
  <testcase name="@AfterMethod postConditionCurrentTask" time="0.0" classname="com.applect.meritnation.generic.BaseLib">
    <skipped/>
  </testcase> <!-- @AfterMethod postConditionCurrentTask -->
  <testcase name="@AfterMethod postConditionMobile" time="0.0" classname="com.applect.meritnation.generic.BaseLib">
    <skipped/>
  </testcase> <!-- @AfterMethod postConditionMobile -->
  <testcase name="TC_001_TrackingAPITest" time="0.0" classname="com.applect.meritnation.scripts.TrackingAPITest">
    <skipped/>
  </testcase> <!-- TC_001_TrackingAPITest -->
  <testcase name="TC_001_clcikt" time="0.0" classname="com.applect.meritnation.scripts.TrackingAPITest">
    <skipped/>
  </testcase> <!-- TC_001_clcikt -->
</testsuite> <!-- Default test -->
